[24-Apr-2018 15:34:40] NOTICE: fpm is running, pid 14
[24-Apr-2018 15:34:40] NOTICE: ready to handle connections
[24-Apr-2018 16:19:48] NOTICE: Terminating ...
[24-Apr-2018 16:19:48] NOTICE: exiting, bye-bye!
[04-May-2018 16:24:05] NOTICE: fpm is running, pid 8
[04-May-2018 16:24:05] NOTICE: ready to handle connections
[05-May-2018 21:31:37] NOTICE: Terminating ...
[05-May-2018 21:31:38] NOTICE: exiting, bye-bye!
[05-May-2018 22:51:08] NOTICE: fpm is running, pid 8
[05-May-2018 22:51:08] NOTICE: ready to handle connections
[06-May-2018 13:27:06] NOTICE: Terminating ...
[06-May-2018 13:27:06] NOTICE: exiting, bye-bye!
[06-May-2018 15:49:52] NOTICE: fpm is running, pid 35
[06-May-2018 15:49:52] NOTICE: ready to handle connections
[06-May-2018 18:21:38] NOTICE: Terminating ...
[06-May-2018 18:21:38] NOTICE: exiting, bye-bye!
[06-May-2018 18:53:18] NOTICE: fpm is running, pid 26
[06-May-2018 18:53:18] NOTICE: ready to handle connections
[07-May-2018 15:52:14] NOTICE: Terminating ...
[07-May-2018 15:52:14] NOTICE: exiting, bye-bye!
