2018-04-24 15:34:40 23 [Warning] Using unique option prefix myisam-recover instead of myisam-recover-options is deprecated and will be removed in a future release. Please use the full name instead.
2018-04-24 15:34:40 23 [Note] Plugin 'FEDERATED' is disabled.
2018-04-24 15:34:40 23 [Note] InnoDB: Using atomics to ref count buffer pool pages
2018-04-24 15:34:40 23 [Note] InnoDB: The InnoDB memory heap is disabled
2018-04-24 15:34:40 23 [Note] InnoDB: Mutexes and rw_locks use GCC atomic builtins
2018-04-24 15:34:40 23 [Note] InnoDB: Memory barrier is not used
2018-04-24 15:34:40 23 [Note] InnoDB: Compressed tables use zlib 1.2.3
2018-04-24 15:34:40 23 [Note] InnoDB: Using Linux native AIO
2018-04-24 15:34:40 23 [Note] InnoDB: Using CPU crc32 instructions
2018-04-24 15:34:40 23 [Note] InnoDB: Initializing buffer pool, size = 32.0M
2018-04-24 15:34:40 23 [Note] InnoDB: Completed initialization of buffer pool
2018-04-24 15:34:40 23 [Note] InnoDB: Highest supported file format is Barracuda.
2018-04-24 15:34:40 23 [Note] InnoDB: The log sequence numbers 1625987 and 1625987 in ibdata files do not match the log sequence number 1625997 in the ib_logfiles!
2018-04-24 15:34:40 23 [Note] InnoDB: Database was not shutdown normally!
2018-04-24 15:34:40 23 [Note] InnoDB: Starting crash recovery.
2018-04-24 15:34:40 23 [Note] InnoDB: Reading tablespace information from the .ibd files...
2018-04-24 15:34:40 23 [Note] InnoDB: Restoring possible half-written data pages 
2018-04-24 15:34:40 23 [Note] InnoDB: from the doublewrite buffer...
2018-04-24 15:34:41 23 [Note] InnoDB: 128 rollback segment(s) are active.
2018-04-24 15:34:41 23 [Note] InnoDB: Waiting for purge to start
2018-04-24 15:34:41 23 [Note] InnoDB: 5.6.37 started; log sequence number 1625997
2018-04-24 15:34:41 23 [Note] Server hostname (bind-address): '*'; port: 3306
2018-04-24 15:34:41 23 [Note] IPv6 is available.
2018-04-24 15:34:41 23 [Note]   - '::' resolves to '::';
2018-04-24 15:34:41 23 [Note] Server socket created on IP: '::'.
2018-04-24 15:34:41 23 [ERROR] /usr/sbin/mysqld: Table './mysql/user' is marked as crashed and should be repaired
2018-04-24 15:34:41 23 [Warning] Checking table:   './mysql/user'
2018-04-24 15:34:41 23 [ERROR] 1 client is using or hasn't closed the table properly
2018-04-24 15:34:41 23 [Warning] 'user' entry 'root@e24d0b5cccc1' ignored in --skip-name-resolve mode.
2018-04-24 15:34:41 23 [Warning] 'user' entry '@e24d0b5cccc1' ignored in --skip-name-resolve mode.
2018-04-24 15:34:41 23 [Warning] 'proxies_priv' entry '@ root@e24d0b5cccc1' ignored in --skip-name-resolve mode.
2018-04-24 15:34:41 23 [Note] Event Scheduler: Loaded 0 events
2018-04-24 15:34:41 23 [Note] /usr/sbin/mysqld: ready for connections.
Version: '5.6.37'  socket: '/var/run/mysqld/mysqld.sock'  port: 3306  MySQL Community Server (GPL)
2018-04-24 16:19:47 23 [Note] /usr/sbin/mysqld: Normal shutdown

2018-04-24 16:19:47 23 [Note] Giving 0 client threads a chance to die gracefully
2018-04-24 16:19:47 23 [Note] Event Scheduler: Purging the queue. 0 events
2018-04-24 16:19:47 23 [Note] Shutting down slave threads
2018-04-24 16:19:47 23 [Note] Forcefully disconnecting 0 remaining clients
2018-04-24 16:19:47 23 [Note] Binlog end
2018-04-24 16:19:47 23 [Note] Shutting down plugin 'partition'
2018-04-24 16:19:47 23 [Note] Shutting down plugin 'INNODB_SYS_DATAFILES'
2018-04-24 16:19:47 23 [Note] Shutting down plugin 'INNODB_SYS_TABLESPACES'
2018-04-24 16:19:47 23 [Note] Shutting down plugin 'INNODB_SYS_FOREIGN_COLS'
2018-04-24 16:19:47 23 [Note] Shutting down plugin 'INNODB_SYS_FOREIGN'
2018-04-24 16:19:47 23 [Note] Shutting down plugin 'INNODB_SYS_FIELDS'
2018-04-24 16:19:47 23 [Note] Shutting down plugin 'INNODB_SYS_COLUMNS'
2018-04-24 16:19:47 23 [Note] Shutting down plugin 'INNODB_SYS_INDEXES'
2018-04-24 16:19:47 23 [Note] Shutting down plugin 'INNODB_SYS_TABLESTATS'
2018-04-24 16:19:47 23 [Note] Shutting down plugin 'INNODB_SYS_TABLES'
2018-04-24 16:19:47 23 [Note] Shutting down plugin 'INNODB_FT_INDEX_TABLE'
2018-04-24 16:19:47 23 [Note] Shutting down plugin 'INNODB_FT_INDEX_CACHE'
2018-04-24 16:19:47 23 [Note] Shutting down plugin 'INNODB_FT_CONFIG'
2018-04-24 16:19:47 23 [Note] Shutting down plugin 'INNODB_FT_BEING_DELETED'
2018-04-24 16:19:47 23 [Note] Shutting down plugin 'INNODB_FT_DELETED'
2018-04-24 16:19:47 23 [Note] Shutting down plugin 'INNODB_FT_DEFAULT_STOPWORD'
2018-04-24 16:19:47 23 [Note] Shutting down plugin 'INNODB_METRICS'
2018-04-24 16:19:47 23 [Note] Shutting down plugin 'INNODB_BUFFER_POOL_STATS'
2018-04-24 16:19:47 23 [Note] Shutting down plugin 'INNODB_BUFFER_PAGE_LRU'
2018-04-24 16:19:47 23 [Note] Shutting down plugin 'INNODB_BUFFER_PAGE'
2018-04-24 16:19:47 23 [Note] Shutting down plugin 'INNODB_CMP_PER_INDEX_RESET'
2018-04-24 16:19:47 23 [Note] Shutting down plugin 'INNODB_CMP_PER_INDEX'
2018-04-24 16:19:47 23 [Note] Shutting down plugin 'INNODB_CMPMEM_RESET'
2018-04-24 16:19:47 23 [Note] Shutting down plugin 'INNODB_CMPMEM'
2018-04-24 16:19:47 23 [Note] Shutting down plugin 'INNODB_CMP_RESET'
2018-04-24 16:19:47 23 [Note] Shutting down plugin 'INNODB_CMP'
2018-04-24 16:19:47 23 [Note] Shutting down plugin 'INNODB_LOCK_WAITS'
2018-04-24 16:19:47 23 [Note] Shutting down plugin 'INNODB_LOCKS'
2018-04-24 16:19:47 23 [Note] Shutting down plugin 'INNODB_TRX'
2018-04-24 16:19:47 23 [Note] Shutting down plugin 'InnoDB'
2018-04-24 16:19:47 23 [Note] InnoDB: FTS optimize thread exiting.
2018-04-24 16:19:47 23 [Note] InnoDB: Starting shutdown...
2018-04-24 16:19:49 23 [Note] InnoDB: Shutdown completed; log sequence number 2818375
2018-04-24 16:19:49 23 [Note] Shutting down plugin 'BLACKHOLE'
2018-04-24 16:19:49 23 [Note] Shutting down plugin 'ARCHIVE'
2018-04-24 16:19:49 23 [Note] Shutting down plugin 'PERFORMANCE_SCHEMA'
2018-04-24 16:19:49 23 [Note] Shutting down plugin 'MEMORY'
2018-04-24 16:19:49 23 [Note] Shutting down plugin 'MyISAM'
2018-04-24 16:19:49 23 [Note] Shutting down plugin 'MRG_MYISAM'
2018-04-24 16:19:49 23 [Note] Shutting down plugin 'CSV'
2018-04-24 16:19:49 23 [Note] Shutting down plugin 'sha256_password'
2018-04-24 16:19:49 23 [Note] Shutting down plugin 'mysql_old_password'
2018-04-24 16:19:49 23 [Note] Shutting down plugin 'mysql_native_password'
2018-04-24 16:19:49 23 [Note] Shutting down plugin 'binlog'
2018-04-24 16:19:49 23 [Note] /usr/sbin/mysqld: Shutdown complete

2018-05-04 16:24:03 14 [Warning] Using unique option prefix myisam-recover instead of myisam-recover-options is deprecated and will be removed in a future release. Please use the full name instead.
2018-05-04 16:24:03 14 [Note] Plugin 'FEDERATED' is disabled.
2018-05-04 16:24:03 14 [Note] InnoDB: Using atomics to ref count buffer pool pages
2018-05-04 16:24:03 14 [Note] InnoDB: The InnoDB memory heap is disabled
2018-05-04 16:24:03 14 [Note] InnoDB: Mutexes and rw_locks use GCC atomic builtins
2018-05-04 16:24:03 14 [Note] InnoDB: Memory barrier is not used
2018-05-04 16:24:03 14 [Note] InnoDB: Compressed tables use zlib 1.2.3
2018-05-04 16:24:03 14 [Note] InnoDB: Using Linux native AIO
2018-05-04 16:24:03 14 [Note] InnoDB: Using CPU crc32 instructions
2018-05-04 16:24:03 14 [Note] InnoDB: Initializing buffer pool, size = 32.0M
2018-05-04 16:24:03 14 [Note] InnoDB: Completed initialization of buffer pool
2018-05-04 16:24:03 14 [Note] InnoDB: Highest supported file format is Barracuda.
2018-05-04 16:24:05 14 [Note] InnoDB: 128 rollback segment(s) are active.
2018-05-04 16:24:05 14 [Note] InnoDB: Waiting for purge to start
2018-05-04 16:24:05 14 [Note] InnoDB: 5.6.37 started; log sequence number 2818375
2018-05-04 16:24:05 14 [Note] Server hostname (bind-address): '*'; port: 3306
2018-05-04 16:24:05 14 [Note] IPv6 is available.
2018-05-04 16:24:05 14 [Note]   - '::' resolves to '::';
2018-05-04 16:24:05 14 [Note] Server socket created on IP: '::'.
2018-05-04 16:24:05 14 [Warning] 'user' entry 'root@e24d0b5cccc1' ignored in --skip-name-resolve mode.
2018-05-04 16:24:05 14 [Warning] 'user' entry '@e24d0b5cccc1' ignored in --skip-name-resolve mode.
2018-05-04 16:24:05 14 [Warning] 'proxies_priv' entry '@ root@e24d0b5cccc1' ignored in --skip-name-resolve mode.
2018-05-04 16:24:05 14 [Note] Event Scheduler: Loaded 0 events
2018-05-04 16:24:05 14 [Note] /usr/sbin/mysqld: ready for connections.
Version: '5.6.37'  socket: '/var/run/mysqld/mysqld.sock'  port: 3306  MySQL Community Server (GPL)
2018-05-05 21:31:35 14 [Note] /usr/sbin/mysqld: Normal shutdown

2018-05-05 21:31:35 14 [Note] Giving 0 client threads a chance to die gracefully
2018-05-05 21:31:35 14 [Note] Event Scheduler: Purging the queue. 0 events
2018-05-05 21:31:35 14 [Note] Shutting down slave threads
2018-05-05 21:31:35 14 [Note] Forcefully disconnecting 0 remaining clients
2018-05-05 21:31:35 14 [Note] Binlog end
2018-05-05 21:31:36 14 [Note] Shutting down plugin 'partition'
2018-05-05 21:31:36 14 [Note] Shutting down plugin 'INNODB_SYS_DATAFILES'
2018-05-05 21:31:36 14 [Note] Shutting down plugin 'INNODB_SYS_TABLESPACES'
2018-05-05 21:31:36 14 [Note] Shutting down plugin 'INNODB_SYS_FOREIGN_COLS'
2018-05-05 21:31:36 14 [Note] Shutting down plugin 'INNODB_SYS_FOREIGN'
2018-05-05 21:31:36 14 [Note] Shutting down plugin 'INNODB_SYS_FIELDS'
2018-05-05 21:31:36 14 [Note] Shutting down plugin 'INNODB_SYS_COLUMNS'
2018-05-05 21:31:36 14 [Note] Shutting down plugin 'INNODB_SYS_INDEXES'
2018-05-05 21:31:36 14 [Note] Shutting down plugin 'INNODB_SYS_TABLESTATS'
2018-05-05 21:31:36 14 [Note] Shutting down plugin 'INNODB_SYS_TABLES'
2018-05-05 21:31:36 14 [Note] Shutting down plugin 'INNODB_FT_INDEX_TABLE'
2018-05-05 21:31:36 14 [Note] Shutting down plugin 'INNODB_FT_INDEX_CACHE'
2018-05-05 21:31:36 14 [Note] Shutting down plugin 'INNODB_FT_CONFIG'
2018-05-05 21:31:36 14 [Note] Shutting down plugin 'INNODB_FT_BEING_DELETED'
2018-05-05 21:31:36 14 [Note] Shutting down plugin 'INNODB_FT_DELETED'
2018-05-05 21:31:36 14 [Note] Shutting down plugin 'INNODB_FT_DEFAULT_STOPWORD'
2018-05-05 21:31:36 14 [Note] Shutting down plugin 'INNODB_METRICS'
2018-05-05 21:31:36 14 [Note] Shutting down plugin 'INNODB_BUFFER_POOL_STATS'
2018-05-05 21:31:36 14 [Note] Shutting down plugin 'INNODB_BUFFER_PAGE_LRU'
2018-05-05 21:31:36 14 [Note] Shutting down plugin 'INNODB_BUFFER_PAGE'
2018-05-05 21:31:36 14 [Note] Shutting down plugin 'INNODB_CMP_PER_INDEX_RESET'
2018-05-05 21:31:36 14 [Note] Shutting down plugin 'INNODB_CMP_PER_INDEX'
2018-05-05 21:31:36 14 [Note] Shutting down plugin 'INNODB_CMPMEM_RESET'
2018-05-05 21:31:36 14 [Note] Shutting down plugin 'INNODB_CMPMEM'
2018-05-05 21:31:36 14 [Note] Shutting down plugin 'INNODB_CMP_RESET'
2018-05-05 21:31:36 14 [Note] Shutting down plugin 'INNODB_CMP'
2018-05-05 21:31:36 14 [Note] Shutting down plugin 'INNODB_LOCK_WAITS'
2018-05-05 21:31:36 14 [Note] Shutting down plugin 'INNODB_LOCKS'
2018-05-05 21:31:36 14 [Note] Shutting down plugin 'INNODB_TRX'
2018-05-05 21:31:36 14 [Note] Shutting down plugin 'InnoDB'
2018-05-05 21:31:36 14 [Note] InnoDB: FTS optimize thread exiting.
2018-05-05 21:31:36 14 [Note] InnoDB: Starting shutdown...
2018-05-05 21:31:39 14 [Note] InnoDB: Shutdown completed; log sequence number 2866468
2018-05-05 21:31:39 14 [Note] Shutting down plugin 'BLACKHOLE'
2018-05-05 21:31:39 14 [Note] Shutting down plugin 'ARCHIVE'
2018-05-05 21:31:39 14 [Note] Shutting down plugin 'PERFORMANCE_SCHEMA'
2018-05-05 21:31:39 14 [Note] Shutting down plugin 'MEMORY'
2018-05-05 21:31:39 14 [Note] Shutting down plugin 'MyISAM'
2018-05-05 21:31:39 14 [Note] Shutting down plugin 'MRG_MYISAM'
2018-05-05 21:31:39 14 [Note] Shutting down plugin 'CSV'
2018-05-05 21:31:39 14 [Note] Shutting down plugin 'sha256_password'
2018-05-05 21:31:39 14 [Note] Shutting down plugin 'mysql_old_password'
2018-05-05 21:31:39 14 [Note] Shutting down plugin 'mysql_native_password'
2018-05-05 21:31:39 14 [Note] Shutting down plugin 'binlog'
2018-05-05 21:31:39 14 [Note] /usr/sbin/mysqld: Shutdown complete

2018-05-05 22:51:09 18 [Warning] Using unique option prefix myisam-recover instead of myisam-recover-options is deprecated and will be removed in a future release. Please use the full name instead.
2018-05-05 22:51:09 18 [Note] Plugin 'FEDERATED' is disabled.
2018-05-05 22:51:09 18 [Note] InnoDB: Using atomics to ref count buffer pool pages
2018-05-05 22:51:09 18 [Note] InnoDB: The InnoDB memory heap is disabled
2018-05-05 22:51:09 18 [Note] InnoDB: Mutexes and rw_locks use GCC atomic builtins
2018-05-05 22:51:09 18 [Note] InnoDB: Memory barrier is not used
2018-05-05 22:51:09 18 [Note] InnoDB: Compressed tables use zlib 1.2.3
2018-05-05 22:51:09 18 [Note] InnoDB: Using Linux native AIO
2018-05-05 22:51:09 18 [Note] InnoDB: Using CPU crc32 instructions
2018-05-05 22:51:09 18 [Note] InnoDB: Initializing buffer pool, size = 32.0M
2018-05-05 22:51:09 18 [Note] InnoDB: Completed initialization of buffer pool
2018-05-05 22:51:09 18 [Note] InnoDB: Highest supported file format is Barracuda.
2018-05-05 22:51:11 18 [Note] InnoDB: 128 rollback segment(s) are active.
2018-05-05 22:51:11 18 [Note] InnoDB: Waiting for purge to start
2018-05-05 22:51:11 18 [Note] InnoDB: 5.6.37 started; log sequence number 2866468
2018-05-05 22:51:11 18 [Note] Server hostname (bind-address): '*'; port: 3306
2018-05-05 22:51:11 18 [Note] IPv6 is available.
2018-05-05 22:51:11 18 [Note]   - '::' resolves to '::';
2018-05-05 22:51:11 18 [Note] Server socket created on IP: '::'.
2018-05-05 22:51:11 18 [Warning] 'user' entry 'root@e24d0b5cccc1' ignored in --skip-name-resolve mode.
2018-05-05 22:51:11 18 [Warning] 'user' entry '@e24d0b5cccc1' ignored in --skip-name-resolve mode.
2018-05-05 22:51:11 18 [Warning] 'proxies_priv' entry '@ root@e24d0b5cccc1' ignored in --skip-name-resolve mode.
2018-05-05 22:51:12 18 [Note] Event Scheduler: Loaded 0 events
2018-05-05 22:51:12 18 [Note] /usr/sbin/mysqld: ready for connections.
Version: '5.6.37'  socket: '/var/run/mysqld/mysqld.sock'  port: 3306  MySQL Community Server (GPL)
2018-05-06 13:27:05 18 [Note] /usr/sbin/mysqld: Normal shutdown

2018-05-06 13:27:05 18 [Note] Giving 0 client threads a chance to die gracefully
2018-05-06 13:27:05 18 [Note] Event Scheduler: Purging the queue. 0 events
2018-05-06 13:27:05 18 [Note] Shutting down slave threads
2018-05-06 13:27:05 18 [Note] Forcefully disconnecting 0 remaining clients
2018-05-06 13:27:05 18 [Note] Binlog end
2018-05-06 13:27:05 18 [Note] Shutting down plugin 'partition'
2018-05-06 13:27:05 18 [Note] Shutting down plugin 'INNODB_SYS_DATAFILES'
2018-05-06 13:27:05 18 [Note] Shutting down plugin 'INNODB_SYS_TABLESPACES'
2018-05-06 13:27:05 18 [Note] Shutting down plugin 'INNODB_SYS_FOREIGN_COLS'
2018-05-06 13:27:05 18 [Note] Shutting down plugin 'INNODB_SYS_FOREIGN'
2018-05-06 13:27:05 18 [Note] Shutting down plugin 'INNODB_SYS_FIELDS'
2018-05-06 13:27:05 18 [Note] Shutting down plugin 'INNODB_SYS_COLUMNS'
2018-05-06 13:27:05 18 [Note] Shutting down plugin 'INNODB_SYS_INDEXES'
2018-05-06 13:27:05 18 [Note] Shutting down plugin 'INNODB_SYS_TABLESTATS'
2018-05-06 13:27:05 18 [Note] Shutting down plugin 'INNODB_SYS_TABLES'
2018-05-06 13:27:05 18 [Note] Shutting down plugin 'INNODB_FT_INDEX_TABLE'
2018-05-06 13:27:05 18 [Note] Shutting down plugin 'INNODB_FT_INDEX_CACHE'
2018-05-06 13:27:05 18 [Note] Shutting down plugin 'INNODB_FT_CONFIG'
2018-05-06 13:27:05 18 [Note] Shutting down plugin 'INNODB_FT_BEING_DELETED'
2018-05-06 13:27:05 18 [Note] Shutting down plugin 'INNODB_FT_DELETED'
2018-05-06 13:27:05 18 [Note] Shutting down plugin 'INNODB_FT_DEFAULT_STOPWORD'
2018-05-06 13:27:05 18 [Note] Shutting down plugin 'INNODB_METRICS'
2018-05-06 13:27:05 18 [Note] Shutting down plugin 'INNODB_BUFFER_POOL_STATS'
2018-05-06 13:27:05 18 [Note] Shutting down plugin 'INNODB_BUFFER_PAGE_LRU'
2018-05-06 13:27:05 18 [Note] Shutting down plugin 'INNODB_BUFFER_PAGE'
2018-05-06 13:27:05 18 [Note] Shutting down plugin 'INNODB_CMP_PER_INDEX_RESET'
2018-05-06 13:27:05 18 [Note] Shutting down plugin 'INNODB_CMP_PER_INDEX'
2018-05-06 13:27:05 18 [Note] Shutting down plugin 'INNODB_CMPMEM_RESET'
2018-05-06 13:27:05 18 [Note] Shutting down plugin 'INNODB_CMPMEM'
2018-05-06 13:27:05 18 [Note] Shutting down plugin 'INNODB_CMP_RESET'
2018-05-06 13:27:05 18 [Note] Shutting down plugin 'INNODB_CMP'
2018-05-06 13:27:05 18 [Note] Shutting down plugin 'INNODB_LOCK_WAITS'
2018-05-06 13:27:05 18 [Note] Shutting down plugin 'INNODB_LOCKS'
2018-05-06 13:27:05 18 [Note] Shutting down plugin 'INNODB_TRX'
2018-05-06 13:27:05 18 [Note] Shutting down plugin 'InnoDB'
2018-05-06 13:27:05 18 [Note] InnoDB: FTS optimize thread exiting.
2018-05-06 13:27:05 18 [Note] InnoDB: Starting shutdown...
2018-05-06 13:27:07 18 [Note] InnoDB: Shutdown completed; log sequence number 3243428
2018-05-06 13:27:07 18 [Note] Shutting down plugin 'BLACKHOLE'
2018-05-06 13:27:07 18 [Note] Shutting down plugin 'ARCHIVE'
2018-05-06 13:27:07 18 [Note] Shutting down plugin 'PERFORMANCE_SCHEMA'
2018-05-06 13:27:07 18 [Note] Shutting down plugin 'MEMORY'
2018-05-06 13:27:07 18 [Note] Shutting down plugin 'MyISAM'
2018-05-06 13:27:07 18 [Note] Shutting down plugin 'MRG_MYISAM'
2018-05-06 13:27:07 18 [Note] Shutting down plugin 'CSV'
2018-05-06 13:27:07 18 [Note] Shutting down plugin 'sha256_password'
2018-05-06 13:27:07 18 [Note] Shutting down plugin 'mysql_old_password'
2018-05-06 13:27:07 18 [Note] Shutting down plugin 'mysql_native_password'
2018-05-06 13:27:07 18 [Note] Shutting down plugin 'binlog'
2018-05-06 13:27:07 18 [Note] /usr/sbin/mysqld: Shutdown complete

2018-05-06 15:49:52 41 [Warning] Using unique option prefix myisam-recover instead of myisam-recover-options is deprecated and will be removed in a future release. Please use the full name instead.
2018-05-06 15:49:52 41 [Note] Plugin 'FEDERATED' is disabled.
2018-05-06 15:49:52 41 [Note] InnoDB: Using atomics to ref count buffer pool pages
2018-05-06 15:49:52 41 [Note] InnoDB: The InnoDB memory heap is disabled
2018-05-06 15:49:52 41 [Note] InnoDB: Mutexes and rw_locks use GCC atomic builtins
2018-05-06 15:49:52 41 [Note] InnoDB: Memory barrier is not used
2018-05-06 15:49:52 41 [Note] InnoDB: Compressed tables use zlib 1.2.3
2018-05-06 15:49:52 41 [Note] InnoDB: Using Linux native AIO
2018-05-06 15:49:52 41 [Note] InnoDB: Using CPU crc32 instructions
2018-05-06 15:49:52 41 [Note] InnoDB: Initializing buffer pool, size = 32.0M
2018-05-06 15:49:52 41 [Note] InnoDB: Completed initialization of buffer pool
2018-05-06 15:49:52 41 [Note] InnoDB: Highest supported file format is Barracuda.
2018-05-06 15:49:53 41 [Note] InnoDB: 128 rollback segment(s) are active.
2018-05-06 15:49:53 41 [Note] InnoDB: Waiting for purge to start
2018-05-06 15:49:53 41 [Note] InnoDB: 5.6.37 started; log sequence number 3243428
2018-05-06 15:49:53 41 [Note] Server hostname (bind-address): '*'; port: 3306
2018-05-06 15:49:53 41 [Note] IPv6 is available.
2018-05-06 15:49:53 41 [Note]   - '::' resolves to '::';
2018-05-06 15:49:53 41 [Note] Server socket created on IP: '::'.
2018-05-06 15:49:53 41 [Warning] 'user' entry 'root@e24d0b5cccc1' ignored in --skip-name-resolve mode.
2018-05-06 15:49:53 41 [Warning] 'user' entry '@e24d0b5cccc1' ignored in --skip-name-resolve mode.
2018-05-06 15:49:53 41 [Warning] 'proxies_priv' entry '@ root@e24d0b5cccc1' ignored in --skip-name-resolve mode.
2018-05-06 15:49:54 41 [Note] Event Scheduler: Loaded 0 events
2018-05-06 15:49:54 41 [Note] /usr/sbin/mysqld: ready for connections.
Version: '5.6.37'  socket: '/var/run/mysqld/mysqld.sock'  port: 3306  MySQL Community Server (GPL)
2018-05-06 18:21:37 41 [Note] /usr/sbin/mysqld: Normal shutdown

2018-05-06 18:21:37 41 [Note] Giving 0 client threads a chance to die gracefully
2018-05-06 18:21:37 41 [Note] Event Scheduler: Purging the queue. 0 events
2018-05-06 18:21:37 41 [Note] Shutting down slave threads
2018-05-06 18:21:37 41 [Note] Forcefully disconnecting 0 remaining clients
2018-05-06 18:21:37 41 [Note] Binlog end
2018-05-06 18:21:37 41 [Note] Shutting down plugin 'partition'
2018-05-06 18:21:37 41 [Note] Shutting down plugin 'INNODB_SYS_DATAFILES'
2018-05-06 18:21:37 41 [Note] Shutting down plugin 'INNODB_SYS_TABLESPACES'
2018-05-06 18:21:37 41 [Note] Shutting down plugin 'INNODB_SYS_FOREIGN_COLS'
2018-05-06 18:21:37 41 [Note] Shutting down plugin 'INNODB_SYS_FOREIGN'
2018-05-06 18:21:37 41 [Note] Shutting down plugin 'INNODB_SYS_FIELDS'
2018-05-06 18:21:37 41 [Note] Shutting down plugin 'INNODB_SYS_COLUMNS'
2018-05-06 18:21:37 41 [Note] Shutting down plugin 'INNODB_SYS_INDEXES'
2018-05-06 18:21:37 41 [Note] Shutting down plugin 'INNODB_SYS_TABLESTATS'
2018-05-06 18:21:37 41 [Note] Shutting down plugin 'INNODB_SYS_TABLES'
2018-05-06 18:21:37 41 [Note] Shutting down plugin 'INNODB_FT_INDEX_TABLE'
2018-05-06 18:21:37 41 [Note] Shutting down plugin 'INNODB_FT_INDEX_CACHE'
2018-05-06 18:21:37 41 [Note] Shutting down plugin 'INNODB_FT_CONFIG'
2018-05-06 18:21:37 41 [Note] Shutting down plugin 'INNODB_FT_BEING_DELETED'
2018-05-06 18:21:37 41 [Note] Shutting down plugin 'INNODB_FT_DELETED'
2018-05-06 18:21:37 41 [Note] Shutting down plugin 'INNODB_FT_DEFAULT_STOPWORD'
2018-05-06 18:21:37 41 [Note] Shutting down plugin 'INNODB_METRICS'
2018-05-06 18:21:37 41 [Note] Shutting down plugin 'INNODB_BUFFER_POOL_STATS'
2018-05-06 18:21:37 41 [Note] Shutting down plugin 'INNODB_BUFFER_PAGE_LRU'
2018-05-06 18:21:37 41 [Note] Shutting down plugin 'INNODB_BUFFER_PAGE'
2018-05-06 18:21:37 41 [Note] Shutting down plugin 'INNODB_CMP_PER_INDEX_RESET'
2018-05-06 18:21:37 41 [Note] Shutting down plugin 'INNODB_CMP_PER_INDEX'
2018-05-06 18:21:37 41 [Note] Shutting down plugin 'INNODB_CMPMEM_RESET'
2018-05-06 18:21:37 41 [Note] Shutting down plugin 'INNODB_CMPMEM'
2018-05-06 18:21:37 41 [Note] Shutting down plugin 'INNODB_CMP_RESET'
2018-05-06 18:21:37 41 [Note] Shutting down plugin 'INNODB_CMP'
2018-05-06 18:21:37 41 [Note] Shutting down plugin 'INNODB_LOCK_WAITS'
2018-05-06 18:21:37 41 [Note] Shutting down plugin 'INNODB_LOCKS'
2018-05-06 18:21:37 41 [Note] Shutting down plugin 'INNODB_TRX'
2018-05-06 18:21:37 41 [Note] Shutting down plugin 'InnoDB'
2018-05-06 18:21:37 41 [Note] InnoDB: FTS optimize thread exiting.
2018-05-06 18:21:37 41 [Note] InnoDB: Starting shutdown...
2018-05-06 18:21:38 41 [Note] InnoDB: Shutdown completed; log sequence number 3719315
2018-05-06 18:21:38 41 [Note] Shutting down plugin 'BLACKHOLE'
2018-05-06 18:21:38 41 [Note] Shutting down plugin 'ARCHIVE'
2018-05-06 18:21:38 41 [Note] Shutting down plugin 'PERFORMANCE_SCHEMA'
2018-05-06 18:21:38 41 [Note] Shutting down plugin 'MEMORY'
2018-05-06 18:21:38 41 [Note] Shutting down plugin 'MyISAM'
2018-05-06 18:21:38 41 [Note] Shutting down plugin 'MRG_MYISAM'
2018-05-06 18:21:38 41 [Note] Shutting down plugin 'CSV'
2018-05-06 18:21:38 41 [Note] Shutting down plugin 'sha256_password'
2018-05-06 18:21:38 41 [Note] Shutting down plugin 'mysql_old_password'
2018-05-06 18:21:38 41 [Note] Shutting down plugin 'mysql_native_password'
2018-05-06 18:21:38 41 [Note] Shutting down plugin 'binlog'
2018-05-06 18:21:38 41 [Note] /usr/sbin/mysqld: Shutdown complete

2018-05-06 18:53:18 40 [Warning] Using unique option prefix myisam-recover instead of myisam-recover-options is deprecated and will be removed in a future release. Please use the full name instead.
2018-05-06 18:53:18 40 [Note] Plugin 'FEDERATED' is disabled.
2018-05-06 18:53:18 40 [Note] InnoDB: Using atomics to ref count buffer pool pages
2018-05-06 18:53:18 40 [Note] InnoDB: The InnoDB memory heap is disabled
2018-05-06 18:53:18 40 [Note] InnoDB: Mutexes and rw_locks use GCC atomic builtins
2018-05-06 18:53:18 40 [Note] InnoDB: Memory barrier is not used
2018-05-06 18:53:18 40 [Note] InnoDB: Compressed tables use zlib 1.2.3
2018-05-06 18:53:18 40 [Note] InnoDB: Using Linux native AIO
2018-05-06 18:53:18 40 [Note] InnoDB: Using CPU crc32 instructions
2018-05-06 18:53:18 40 [Note] InnoDB: Initializing buffer pool, size = 32.0M
2018-05-06 18:53:18 40 [Note] InnoDB: Completed initialization of buffer pool
2018-05-06 18:53:18 40 [Note] InnoDB: Highest supported file format is Barracuda.
2018-05-06 18:53:18 40 [Note] InnoDB: 128 rollback segment(s) are active.
2018-05-06 18:53:18 40 [Note] InnoDB: Waiting for purge to start
2018-05-06 18:53:18 40 [Note] InnoDB: 5.6.37 started; log sequence number 3719315
2018-05-06 18:53:18 40 [Note] Server hostname (bind-address): '*'; port: 3306
2018-05-06 18:53:18 40 [Note] IPv6 is available.
2018-05-06 18:53:18 40 [Note]   - '::' resolves to '::';
2018-05-06 18:53:18 40 [Note] Server socket created on IP: '::'.
2018-05-06 18:53:18 40 [Warning] 'user' entry 'root@e24d0b5cccc1' ignored in --skip-name-resolve mode.
2018-05-06 18:53:18 40 [Warning] 'user' entry '@e24d0b5cccc1' ignored in --skip-name-resolve mode.
2018-05-06 18:53:18 40 [Warning] 'proxies_priv' entry '@ root@e24d0b5cccc1' ignored in --skip-name-resolve mode.
2018-05-06 18:53:18 40 [Note] Event Scheduler: Loaded 0 events
2018-05-06 18:53:18 40 [Note] /usr/sbin/mysqld: ready for connections.
Version: '5.6.37'  socket: '/var/run/mysqld/mysqld.sock'  port: 3306  MySQL Community Server (GPL)
2018-05-07 15:52:13 40 [Note] /usr/sbin/mysqld: Normal shutdown

2018-05-07 15:52:13 40 [Note] Giving 0 client threads a chance to die gracefully
2018-05-07 15:52:13 40 [Note] Event Scheduler: Purging the queue. 0 events
2018-05-07 15:52:13 40 [Note] Shutting down slave threads
2018-05-07 15:52:13 40 [Note] Forcefully disconnecting 0 remaining clients
2018-05-07 15:52:13 40 [Note] Binlog end
2018-05-07 15:52:14 40 [Note] Shutting down plugin 'partition'
2018-05-07 15:52:14 40 [Note] Shutting down plugin 'INNODB_SYS_DATAFILES'
2018-05-07 15:52:14 40 [Note] Shutting down plugin 'INNODB_SYS_TABLESPACES'
2018-05-07 15:52:14 40 [Note] Shutting down plugin 'INNODB_SYS_FOREIGN_COLS'
2018-05-07 15:52:14 40 [Note] Shutting down plugin 'INNODB_SYS_FOREIGN'
2018-05-07 15:52:14 40 [Note] Shutting down plugin 'INNODB_SYS_FIELDS'
2018-05-07 15:52:14 40 [Note] Shutting down plugin 'INNODB_SYS_COLUMNS'
2018-05-07 15:52:14 40 [Note] Shutting down plugin 'INNODB_SYS_INDEXES'
2018-05-07 15:52:14 40 [Note] Shutting down plugin 'INNODB_SYS_TABLESTATS'
2018-05-07 15:52:14 40 [Note] Shutting down plugin 'INNODB_SYS_TABLES'
2018-05-07 15:52:14 40 [Note] Shutting down plugin 'INNODB_FT_INDEX_TABLE'
2018-05-07 15:52:14 40 [Note] Shutting down plugin 'INNODB_FT_INDEX_CACHE'
2018-05-07 15:52:14 40 [Note] Shutting down plugin 'INNODB_FT_CONFIG'
2018-05-07 15:52:14 40 [Note] Shutting down plugin 'INNODB_FT_BEING_DELETED'
2018-05-07 15:52:14 40 [Note] Shutting down plugin 'INNODB_FT_DELETED'
2018-05-07 15:52:14 40 [Note] Shutting down plugin 'INNODB_FT_DEFAULT_STOPWORD'
2018-05-07 15:52:14 40 [Note] Shutting down plugin 'INNODB_METRICS'
2018-05-07 15:52:14 40 [Note] Shutting down plugin 'INNODB_BUFFER_POOL_STATS'
2018-05-07 15:52:14 40 [Note] Shutting down plugin 'INNODB_BUFFER_PAGE_LRU'
2018-05-07 15:52:14 40 [Note] Shutting down plugin 'INNODB_BUFFER_PAGE'
2018-05-07 15:52:14 40 [Note] Shutting down plugin 'INNODB_CMP_PER_INDEX_RESET'
2018-05-07 15:52:14 40 [Note] Shutting down plugin 'INNODB_CMP_PER_INDEX'
2018-05-07 15:52:14 40 [Note] Shutting down plugin 'INNODB_CMPMEM_RESET'
2018-05-07 15:52:14 40 [Note] Shutting down plugin 'INNODB_CMPMEM'
2018-05-07 15:52:14 40 [Note] Shutting down plugin 'INNODB_CMP_RESET'
2018-05-07 15:52:14 40 [Note] Shutting down plugin 'INNODB_CMP'
2018-05-07 15:52:14 40 [Note] Shutting down plugin 'INNODB_LOCK_WAITS'
2018-05-07 15:52:14 40 [Note] Shutting down plugin 'INNODB_LOCKS'
2018-05-07 15:52:14 40 [Note] Shutting down plugin 'INNODB_TRX'
2018-05-07 15:52:14 40 [Note] Shutting down plugin 'InnoDB'
2018-05-07 15:52:14 40 [Note] InnoDB: FTS optimize thread exiting.
2018-05-07 15:52:14 40 [Note] InnoDB: Starting shutdown...
2018-05-07 15:52:16 40 [Note] InnoDB: Shutdown completed; log sequence number 3852530
2018-05-07 15:52:16 40 [Note] Shutting down plugin 'BLACKHOLE'
2018-05-07 15:52:16 40 [Note] Shutting down plugin 'ARCHIVE'
2018-05-07 15:52:16 40 [Note] Shutting down plugin 'PERFORMANCE_SCHEMA'
2018-05-07 15:52:16 40 [Note] Shutting down plugin 'MEMORY'
2018-05-07 15:52:16 40 [Note] Shutting down plugin 'MyISAM'
2018-05-07 15:52:16 40 [Note] Shutting down plugin 'MRG_MYISAM'
2018-05-07 15:52:16 40 [Note] Shutting down plugin 'CSV'
2018-05-07 15:52:16 40 [Note] Shutting down plugin 'sha256_password'
2018-05-07 15:52:16 40 [Note] Shutting down plugin 'mysql_old_password'
2018-05-07 15:52:16 40 [Note] Shutting down plugin 'mysql_native_password'
2018-05-07 15:52:16 40 [Note] Shutting down plugin 'binlog'
2018-05-07 15:52:16 40 [Note] /usr/sbin/mysqld: Shutdown complete

